<?xml version="1.0" encoding="UTF-8"?>
<!-- Generated by org.testng.reporters.JUnitReportReporter -->
<testsuite hostname="DESKTOP-QKHCBTS" failures="0" tests="1" name="automationQA.ActionTest" time="9.215" errors="0" timestamp="2024-07-16T15:13:25 NPT" skipped="0">
  <testcase classname="automationQA.ActionTest" name="hoveronAccountTest" time="9.215"/>
  <system-out/>
</testsuite> <!-- automationQA.ActionTest -->
