<?xml version="1.0" encoding="UTF-8"?>
<!-- Generated by org.testng.reporters.JUnitReportReporter -->
<testsuite hostname="DESKTOP-QKHCBTS" failures="0" tests="3" name="automationQA.ActionTest" time="25.836" errors="0" timestamp="2024-07-16T15:22:52 NPT" skipped="2">
  <testcase classname="automationQA.ActionTest" name="hoverAndClickOnSigninTest" time="25.836"/>
  <system-out/>
  <testcase classname="automationQA.ActionTest" name="hoverOnSigninTest">
    <skipped/>
  </testcase> <!-- hoverOnSigninTest -->
  <system-out/>
  <testcase classname="automationQA.ActionTest" name="hoveronAccountTest">
    <skipped/>
  </testcase> <!-- hoveronAccountTest -->
  <system-out/>
</testsuite> <!-- automationQA.ActionTest -->
