<?xml version="1.0" encoding="UTF-8"?>
<!-- Generated by org.testng.reporters.JUnitReportReporter -->
<testsuite hostname="DESKTOP-QKHCBTS" failures="0" tests="1" name="properties.ConfigurationTest" time="8.722" errors="0" timestamp="2024-07-19T08:18:35 NPT" skipped="0">
  <testcase classname="properties.ConfigurationTest" name="loginAsEmployer" time="8.722"/>
  <system-out/>
</testsuite> <!-- properties.ConfigurationTest -->
