<?xml version="1.0" encoding="UTF-8"?>
<!-- Generated by org.testng.reporters.JUnitReportReporter -->
<testsuite hostname="DESKTOP-QKHCBTS" failures="0" tests="2" name="properties.ConfigurationTest" time="13.026" errors="0" timestamp="2024-07-19T08:26:04 NPT" skipped="1">
  <testcase classname="properties.ConfigurationTest" name="loginAsJobSeeker" time="13.026"/>
  <system-out/>
  <testcase classname="properties.ConfigurationTest" name="loginAsEmployer">
    <skipped/>
  </testcase> <!-- loginAsEmployer -->
  <system-out/>
</testsuite> <!-- properties.ConfigurationTest -->
