<?xml version="1.0" encoding="UTF-8"?>
<!-- Generated by org.testng.reporters.JUnitReportReporter -->
<testsuite hostname="DESKTOP-QKHCBTS" failures="0" tests="4" name="automationQA.MyFirstAutomation" time="0.002" errors="0" timestamp="2024-07-17T17:22:21 NPT" skipped="0">
  <testcase classname="automationQA.MyFirstAutomation" name="myFirstTest" time="0.001"/>
  <system-out/>
  <testcase classname="automationQA.MyFirstAutomation" name="myThirdTest" time="0.000"/>
  <system-out/>
  <testcase classname="automationQA.MyFirstAutomation" name="betaTest" time="0.000"/>
  <system-out/>
  <testcase classname="automationQA.MyFirstAutomation" name="mySecondTest" time="0.001"/>
  <system-out/>
</testsuite> <!-- automationQA.MyFirstAutomation -->
