<?xml version="1.0" encoding="UTF-8"?>
<!-- Generated by org.testng.reporters.JUnitReportReporter -->
<testsuite hostname="DESKTOP-QKHCBTS" failures="0" tests="4" name="LoginAndSignUpWithRegisteredUser.SignUpTest" time="21.592" errors="0" timestamp="2024-07-10T12:59:06 NPT" skipped="3">
  <testcase classname="LoginAndSignUpWithRegisteredUser.SignUpTest" name="registerAndlogin" time="21.592"/>
  <system-out/>
  <testcase classname="LoginAndSignUpWithRegisteredUser.SignUpTest" name="invalidPassword">
    <skipped/>
  </testcase> <!-- invalidPassword -->
  <system-out/>
  <testcase classname="LoginAndSignUpWithRegisteredUser.SignUpTest" name="unmatchedPasswordAndConfirmpassword">
    <skipped/>
  </testcase> <!-- unmatchedPasswordAndConfirmpassword -->
  <system-out/>
  <testcase classname="LoginAndSignUpWithRegisteredUser.SignUpTest" name="InvalidEmail">
    <skipped/>
  </testcase> <!-- InvalidEmail -->
  <system-out/>
</testsuite> <!-- LoginAndSignUpWithRegisteredUser.SignUpTest -->
