<?xml version="1.0" encoding="UTF-8"?>
<!-- Generated by org.testng.reporters.JUnitReportReporter -->
<testsuite hostname="DESKTOP-QKHCBTS" failures="0" tests="2" name="windowhandles.LoginAsGmail" time="15.935" errors="0" timestamp="2024-07-17T17:34:41 NPT" skipped="1">
  <testcase classname="windowhandles.LoginAsGmail" name="loginAsApple" time="15.935"/>
  <system-out/>
  <testcase classname="windowhandles.LoginAsGmail" name="loginAsGmail">
    <skipped/>
  </testcase> <!-- loginAsGmail -->
  <system-out/>
</testsuite> <!-- windowhandles.LoginAsGmail -->
