<?xml version="1.0" encoding="UTF-8"?>
<!-- Generated by org.testng.reporters.JUnitReportReporter -->
<testsuite hostname="DESKTOP-QKHCBTS" failures="0" tests="4" name="automationQA.ActionTest" time="15.579" errors="0" timestamp="2024-07-16T15:29:40 NPT" skipped="3">
  <testcase classname="automationQA.ActionTest" name="rightClickOnSigninTest" time="15.579"/>
  <system-out/>
  <testcase classname="automationQA.ActionTest" name="hoverAndClickOnSigninTest">
    <skipped/>
  </testcase> <!-- hoverAndClickOnSigninTest -->
  <system-out/>
  <testcase classname="automationQA.ActionTest" name="hoveronAccountTest">
    <skipped/>
  </testcase> <!-- hoveronAccountTest -->
  <system-out/>
  <testcase classname="automationQA.ActionTest" name="hoverOnSigninTest">
    <skipped/>
  </testcase> <!-- hoverOnSigninTest -->
  <system-out/>
</testsuite> <!-- automationQA.ActionTest -->
