<?xml version="1.0" encoding="UTF-8"?>
<!-- Generated by org.testng.reporters.JUnitReportReporter -->
<testsuite hostname="DESKTOP-QKHCBTS" failures="0" tests="3" name="automationQA.LoginTest" time="15.293" errors="0" timestamp="2024-07-09T13:55:20 NPT" skipped="1">
  <testcase classname="automationQA.LoginTest" name="verifyInvalidEmail" time="6.861"/>
  <system-out/>
  <testcase classname="automationQA.LoginTest" name="verifyInvalidPassword" time="8.432"/>
  <system-out/>
  <testcase classname="automationQA.LoginTest" name="verifyValidaLogin">
    <skipped/>
  </testcase> <!-- verifyValidaLogin -->
  <system-out/>
</testsuite> <!-- automationQA.LoginTest -->
