<?xml version="1.0" encoding="UTF-8"?>
<!-- Generated by org.testng.reporters.JUnitReportReporter -->
<testsuite hostname="DESKTOP-QKHCBTS" failures="0" tests="3" name="alerts.AlertTest" time="11.947" errors="0" timestamp="2024-07-16T13:24:27 NPT" skipped="2">
  <testcase classname="alerts.AlertTest" name="alertWithTextBox" time="11.947"/>
  <system-out/>
  <testcase classname="alerts.AlertTest" name="alertOkTest">
    <skipped/>
  </testcase> <!-- alertOkTest -->
  <system-out/>
  <testcase classname="alerts.AlertTest" name="alertWithOkAndCancel">
    <skipped/>
  </testcase> <!-- alertWithOkAndCancel -->
  <system-out/>
</testsuite> <!-- alerts.AlertTest -->
