<?xml version="1.0" encoding="UTF-8"?>
<!-- Generated by org.testng.reporters.JUnitReportReporter -->
<testsuite hostname="DESKTOP-QKHCBTS" failures="0" tests="2" name="automationQA.ActionTest" time="22.111" errors="0" timestamp="2024-07-16T15:20:02 NPT" skipped="1">
  <testcase classname="automationQA.ActionTest" name="hoverOnSigninTest" time="22.111"/>
  <system-out/>
  <testcase classname="automationQA.ActionTest" name="hoveronAccountTest">
    <skipped/>
  </testcase> <!-- hoveronAccountTest -->
  <system-out/>
</testsuite> <!-- automationQA.ActionTest -->
