<?xml version="1.0" encoding="UTF-8"?>
<!-- Generated by org.testng.reporters.JUnitReportReporter -->
<testsuite hostname="DESKTOP-QKHCBTS" failures="0" tests="3" name="com.qa.pacifichunt.JSExecutors" time="12.238" errors="0" timestamp="2024-07-17T18:08:01 NPT" skipped="2">
  <testcase classname="com.qa.pacifichunt.JSExecutors" name="lastTopJob" time="12.238"/>
  <system-out/>
  <testcase classname="com.qa.pacifichunt.JSExecutors" name="clickTermsOfServices">
    <skipped/>
  </testcase> <!-- clickTermsOfServices -->
  <system-out/>
  <testcase classname="com.qa.pacifichunt.JSExecutors" name="clickPrivacyAndPolicy">
    <skipped/>
  </testcase> <!-- clickPrivacyAndPolicy -->
  <system-out/>
</testsuite> <!-- com.qa.pacifichunt.JSExecutors -->
