<?xml version="1.0" encoding="UTF-8"?>
<!-- Generated by org.testng.reporters.JUnitReportReporter -->
<testsuite hostname="DESKTOP-QKHCBTS" failures="0" tests="6" name="LoginAndSignUpWithRegisteredUser.SignUpAndLoginTest" time="11.197" errors="0" timestamp="2024-07-11T09:59:23 NPT" skipped="5">
  <testcase classname="LoginAndSignUpWithRegisteredUser.SignUpAndLoginTest" name="verifyInvalidPassword" time="11.197"/>
  <system-out/>
  <testcase classname="LoginAndSignUpWithRegisteredUser.SignUpAndLoginTest" name="InvalidEmail">
    <skipped/>
  </testcase> <!-- InvalidEmail -->
  <system-out/>
  <testcase classname="LoginAndSignUpWithRegisteredUser.SignUpAndLoginTest" name="registerAndlogin">
    <skipped/>
  </testcase> <!-- registerAndlogin -->
  <system-out/>
  <testcase classname="LoginAndSignUpWithRegisteredUser.SignUpAndLoginTest" name="verifyInvalidEmail">
    <skipped/>
  </testcase> <!-- verifyInvalidEmail -->
  <system-out/>
  <testcase classname="LoginAndSignUpWithRegisteredUser.SignUpAndLoginTest" name="unmatchedPasswordAndConfirmpassword">
    <skipped/>
  </testcase> <!-- unmatchedPasswordAndConfirmpassword -->
  <system-out/>
  <testcase classname="LoginAndSignUpWithRegisteredUser.SignUpAndLoginTest" name="invalidPassword">
    <skipped/>
  </testcase> <!-- invalidPassword -->
  <system-out/>
</testsuite> <!-- LoginAndSignUpWithRegisteredUser.SignUpAndLoginTest -->
