<?xml version="1.0" encoding="UTF-8"?>
<!-- Generated by org.testng.reporters.JUnitReportReporter -->
<testsuite hostname="DESKTOP-QKHCBTS" failures="0" tests="1" name="automationQA.GoogleSearchTest" time="15.184" errors="0" timestamp="2024-07-15T13:43:34 NPT" skipped="0">
  <testcase classname="automationQA.GoogleSearchTest" name="searchIndexingInGoogle" time="15.184"/>
  <system-out/>
</testsuite> <!-- automationQA.GoogleSearchTest -->
