<?xml version="1.0" encoding="UTF-8"?>
<!-- Generated by org.testng.reporters.JUnitReportReporter -->
<testsuite hostname="DESKTOP-QKHCBTS" failures="0" tests="2" name="com.qa.pacifichunt.JSExecutors" time="6.129" errors="0" timestamp="2024-07-16T18:01:41 NPT" skipped="1">
  <testcase classname="com.qa.pacifichunt.JSExecutors" name="clickTermsOfServices" time="6.129"/>
  <system-out/>
  <testcase classname="com.qa.pacifichunt.JSExecutors" name="clickPrivacyAndPolicy">
    <skipped/>
  </testcase> <!-- clickPrivacyAndPolicy -->
  <system-out/>
</testsuite> <!-- com.qa.pacifichunt.JSExecutors -->
