<?xml version="1.0" encoding="UTF-8"?>
<!-- Generated by org.testng.reporters.JUnitReportReporter -->
<testsuite hostname="DESKTOP-QKHCBTS" failures="0" tests="1" name="com.qa.pacifichunt.JSExecutors" time="13.371" errors="0" timestamp="2024-07-16T14:04:34 NPT" skipped="0">
  <testcase classname="com.qa.pacifichunt.JSExecutors" name="clickPrivacyAndPolicy" time="13.371"/>
  <system-out/>
</testsuite> <!-- com.qa.pacifichunt.JSExecutors -->
