<?xml version="1.0" encoding="UTF-8"?>
<!-- Generated by org.testng.reporters.JUnitReportReporter -->
<testsuite hostname="DESKTOP-QKHCBTS" failures="0" tests="1" name="automationQA.ActionTest" time="14.323" errors="0" timestamp="2024-07-16T12:25:30 NPT" skipped="0">
  <testcase classname="automationQA.ActionTest" name="hoverTest" time="14.323"/>
  <system-out/>
</testsuite> <!-- automationQA.ActionTest -->
