<?xml version="1.0" encoding="UTF-8"?>
<!-- Generated by org.testng.reporters.JUnitReportReporter -->
<testsuite hostname="DESKTOP-QKHCBTS" failures="0" tests="1" name="automationQA.BrowserWindowSwitching" time="7.584" errors="0" timestamp="2024-07-16T15:38:39 NPT" skipped="0">
  <testcase classname="automationQA.BrowserWindowSwitching" name="browserWindowSwitching" time="7.584"/>
  <system-out/>
</testsuite> <!-- automationQA.BrowserWindowSwitching -->
