<?xml version="1.0" encoding="UTF-8"?>
<!-- Generated by org.testng.reporters.JUnitReportReporter -->
<testsuite hostname="DESKTOP-QKHCBTS" failures="0" tests="4" name="automationQA.MyFirstAutomation" time="0.016" errors="0" timestamp="08 Jul 2024 07:00:39 GMT" skipped="0">
  <testcase classname="automationQA.MyFirstAutomation" name="betaTest" time="0.010"/>
  <testcase classname="automationQA.MyFirstAutomation" name="myThirdTest" time="0.002"/>
  <testcase classname="automationQA.MyFirstAutomation" name="myFirstTest" time="0.003"/>
  <testcase classname="automationQA.MyFirstAutomation" name="mySecondTest" time="0.001"/>
</testsuite> <!-- automationQA.MyFirstAutomation -->
