<?xml version="1.0" encoding="UTF-8"?>
<!-- Generated by org.testng.reporters.JUnitReportReporter -->
<testsuite hostname="DESKTOP-QKHCBTS" failures="0" tests="1" name="automationQA.GoogleSearchTest" time="14.706" errors="0" timestamp="2024-07-16T12:22:02 NPT" skipped="0">
  <testcase classname="automationQA.GoogleSearchTest" name="searchIndexingInGoogle" time="14.706"/>
  <system-out/>
</testsuite> <!-- automationQA.GoogleSearchTest -->
